{"/Users/tochka/Documents/RAG/rag/frontend/src/App.js": {"path":"/Users/tochka/Documents/RAG/rag/frontend/src/App.js","statementMap":{"0":{"start":{"line":20,"column":14},"end":{"line":32,"column":2}},"1":{"start":{"line":35,"column":23},"end":{"line":47,"column":1}},"2":{"start":{"line":36,"column":39},"end":{"line":36,"column":48}},"3":{"start":{"line":38,"column":2},"end":{"line":40,"column":3}},"4":{"start":{"line":39,"column":4},"end":{"line":39,"column":34}},"5":{"start":{"line":42,"column":2},"end":{"line":44,"column":3}},"6":{"start":{"line":43,"column":4},"end":{"line":43,"column":36}},"7":{"start":{"line":46,"column":2},"end":{"line":46,"column":18}},"8":{"start":{"line":50,"column":2},"end":{"line":76,"column":4}},"9":{"start":{"line":80,"column":2},"end":{"line":87,"column":4}}},"fnMap":{"0":{"name":"(anonymous_0)","decl":{"start":{"line":35,"column":23},"end":{"line":35,"column":24}},"loc":{"start":{"line":35,"column":41},"end":{"line":47,"column":1}},"line":35},"1":{"name":"AppContent","decl":{"start":{"line":49,"column":9},"end":{"line":49,"column":19}},"loc":{"start":{"line":49,"column":22},"end":{"line":77,"column":1}},"line":49},"2":{"name":"App","decl":{"start":{"line":79,"column":9},"end":{"line":79,"column":12}},"loc":{"start":{"line":79,"column":15},"end":{"line":88,"column":1}},"line":79}},"branchMap":{"0":{"loc":{"start":{"line":38,"column":2},"end":{"line":40,"column":3}},"type":"if","locations":[{"start":{"line":38,"column":2},"end":{"line":40,"column":3}},{"start":{},"end":{}}],"line":38},"1":{"loc":{"start":{"line":42,"column":2},"end":{"line":44,"column":3}},"type":"if","locations":[{"start":{"line":42,"column":2},"end":{"line":44,"column":3}},{"start":{},"end":{}}],"line":42}},"s":{"0":0,"1":0,"2":0,"3":0,"4":0,"5":0,"6":0,"7":0,"8":0,"9":0},"f":{"0":0,"1":0,"2":0},"b":{"0":[0,0],"1":[0,0]}}
,"/Users/tochka/Documents/RAG/rag/frontend/src/index.js": {"path":"/Users/tochka/Documents/RAG/rag/frontend/src/index.js","statementMap":{"0":{"start":{"line":6,"column":13},"end":{"line":6,"column":65}},"1":{"start":{"line":7,"column":0},"end":{"line":11,"column":2}},"2":{"start":{"line":16,"column":0},"end":{"line":16,"column":18}}},"fnMap":{},"branchMap":{},"s":{"0":0,"1":0,"2":0},"f":{},"b":{}}
,"/Users/tochka/Documents/RAG/rag/frontend/src/reportWebVitals.js": {"path":"/Users/tochka/Documents/RAG/rag/frontend/src/reportWebVitals.js","statementMap":{"0":{"start":{"line":1,"column":24},"end":{"line":11,"column":1}},"1":{"start":{"line":2,"column":2},"end":{"line":10,"column":3}},"2":{"start":{"line":3,"column":4},"end":{"line":9,"column":7}},"3":{"start":{"line":4,"column":6},"end":{"line":4,"column":26}},"4":{"start":{"line":5,"column":6},"end":{"line":5,"column":26}},"5":{"start":{"line":6,"column":6},"end":{"line":6,"column":26}},"6":{"start":{"line":7,"column":6},"end":{"line":7,"column":26}},"7":{"start":{"line":8,"column":6},"end":{"line":8,"column":27}}},"fnMap":{"0":{"name":"(anonymous_0)","decl":{"start":{"line":1,"column":24},"end":{"line":1,"column":25}},"loc":{"start":{"line":1,"column":41},"end":{"line":11,"column":1}},"line":1},"1":{"name":"(anonymous_1)","decl":{"start":{"line":3,"column":30},"end":{"line":3,"column":31}},"loc":{"start":{"line":3,"column":79},"end":{"line":9,"column":5}},"line":3}},"branchMap":{"0":{"loc":{"start":{"line":2,"column":2},"end":{"line":10,"column":3}},"type":"if","locations":[{"start":{"line":2,"column":2},"end":{"line":10,"column":3}},{"start":{},"end":{}}],"line":2},"1":{"loc":{"start":{"line":2,"column":6},"end":{"line":2,"column":52}},"type":"binary-expr","locations":[{"start":{"line":2,"column":6},"end":{"line":2,"column":17}},{"start":{"line":2,"column":21},"end":{"line":2,"column":52}}],"line":2}},"s":{"0":0,"1":0,"2":0,"3":0,"4":0,"5":0,"6":0,"7":0},"f":{"0":0,"1":0},"b":{"0":[0,0],"1":[0,0]}}
,"/Users/tochka/Documents/RAG/rag/frontend/src/runAllTests.js": {"path":"/Users/tochka/Documents/RAG/rag/frontend/src/runAllTests.js","statementMap":{"0":{"start":{"line":6,"column":21},"end":{"line":6,"column":45}},"1":{"start":{"line":7,"column":13},"end":{"line":7,"column":28}},"2":{"start":{"line":8,"column":11},"end":{"line":8,"column":24}},"3":{"start":{"line":11,"column":17},"end":{"line":11,"column":46}},"4":{"start":{"line":15,"column":16},"end":{"line":15,"column":18}},"5":{"start":{"line":16,"column":16},"end":{"line":16,"column":35}},"6":{"start":{"line":18,"column":2},"end":{"line":27,"column":3}},"7":{"start":{"line":19,"column":21},"end":{"line":19,"column":41}},"8":{"start":{"line":20,"column":17},"end":{"line":20,"column":38}},"9":{"start":{"line":22,"column":4},"end":{"line":26,"column":5}},"10":{"start":{"line":23,"column":6},"end":{"line":23,"column":56}},"11":{"start":{"line":24,"column":11},"end":{"line":26,"column":5}},"12":{"start":{"line":25,"column":6},"end":{"line":25,"column":29}},"13":{"start":{"line":29,"column":2},"end":{"line":29,"column":17}},"14":{"start":{"line":33,"column":0},"end":{"line":47,"column":1}},"15":{"start":{"line":34,"column":2},"end":{"line":34,"column":45}},"16":{"start":{"line":35,"column":20},"end":{"line":35,"column":43}},"17":{"start":{"line":36,"column":2},"end":{"line":36,"column":64}},"18":{"start":{"line":38,"column":2},"end":{"line":38,"column":64}},"19":{"start":{"line":41,"column":2},"end":{"line":41,"column":69}},"20":{"start":{"line":43,"column":2},"end":{"line":43,"column":42}},"21":{"start":{"line":45,"column":2},"end":{"line":45,"column":68}},"22":{"start":{"line":46,"column":2},"end":{"line":46,"column":18}}},"fnMap":{"0":{"name":"findTestFiles","decl":{"start":{"line":14,"column":9},"end":{"line":14,"column":22}},"loc":{"start":{"line":14,"column":28},"end":{"line":30,"column":1}},"line":14}},"branchMap":{"0":{"loc":{"start":{"line":22,"column":4},"end":{"line":26,"column":5}},"type":"if","locations":[{"start":{"line":22,"column":4},"end":{"line":26,"column":5}},{"start":{"line":24,"column":11},"end":{"line":26,"column":5}}],"line":22},"1":{"loc":{"start":{"line":24,"column":11},"end":{"line":26,"column":5}},"type":"if","locations":[{"start":{"line":24,"column":11},"end":{"line":26,"column":5}},{"start":{},"end":{}}],"line":24}},"s":{"0":0,"1":0,"2":0,"3":0,"4":0,"5":0,"6":0,"7":0,"8":0,"9":0,"10":0,"11":0,"12":0,"13":0,"14":0,"15":0,"16":0,"17":0,"18":0,"19":0,"20":0,"21":0,"22":0},"f":{"0":0},"b":{"0":[0,0],"1":[0,0]}}
,"/Users/tochka/Documents/RAG/rag/frontend/src/components/ChatInput.js": {"path":"/Users/tochka/Documents/RAG/rag/frontend/src/components/ChatInput.js","statementMap":{"0":{"start":{"line":11,"column":32},"end":{"line":11,"column":44}},"1":{"start":{"line":13,"column":23},"end":{"line":19,"column":3}},"2":{"start":{"line":14,"column":4},"end":{"line":14,"column":23}},"3":{"start":{"line":15,"column":4},"end":{"line":18,"column":5}},"4":{"start":{"line":16,"column":6},"end":{"line":16,"column":29}},"5":{"start":{"line":17,"column":6},"end":{"line":17,"column":21}},"6":{"start":{"line":21,"column":2},"end":{"line":58,"column":4}},"7":{"start":{"line":43,"column":25},"end":{"line":43,"column":51}}},"fnMap":{"0":{"name":"ChatInput","decl":{"start":{"line":10,"column":9},"end":{"line":10,"column":18}},"loc":{"start":{"line":10,"column":47},"end":{"line":59,"column":1}},"line":10},"1":{"name":"(anonymous_1)","decl":{"start":{"line":13,"column":23},"end":{"line":13,"column":24}},"loc":{"start":{"line":13,"column":30},"end":{"line":19,"column":3}},"line":13},"2":{"name":"(anonymous_2)","decl":{"start":{"line":43,"column":18},"end":{"line":43,"column":19}},"loc":{"start":{"line":43,"column":25},"end":{"line":43,"column":51}},"line":43}},"branchMap":{"0":{"loc":{"start":{"line":15,"column":4},"end":{"line":18,"column":5}},"type":"if","locations":[{"start":{"line":15,"column":4},"end":{"line":18,"column":5}},{"start":{},"end":{}}],"line":15},"1":{"loc":{"start":{"line":15,"column":8},"end":{"line":15,"column":41}},"type":"binary-expr","locations":[{"start":{"line":15,"column":8},"end":{"line":15,"column":29}},{"start":{"line":15,"column":33},"end":{"line":15,"column":41}}],"line":15},"2":{"loc":{"start":{"line":52,"column":18},"end":{"line":52,"column":50}},"type":"binary-expr","locations":[{"start":{"line":52,"column":18},"end":{"line":52,"column":25}},{"start":{"line":52,"column":29},"end":{"line":52,"column":50}}],"line":52},"3":{"loc":{"start":{"line":53,"column":17},"end":{"line":53,"column":88}},"type":"cond-expr","locations":[{"start":{"line":53,"column":27},"end":{"line":53,"column":73}},{"start":{"line":53,"column":76},"end":{"line":53,"column":88}}],"line":53},"4":{"loc":{"start":{"line":55,"column":9},"end":{"line":55,"column":46}},"type":"cond-expr","locations":[{"start":{"line":55,"column":19},"end":{"line":55,"column":32}},{"start":{"line":55,"column":35},"end":{"line":55,"column":46}}],"line":55}},"s":{"0":28,"1":28,"2":5,"3":5,"4":5,"5":5,"6":28,"7":6},"f":{"0":28,"1":5,"2":6},"b":{"0":[5,0],"1":[5,5],"2":[28,23],"3":[5,23],"4":[5,23]},"_coverageSchema":"1a1c01bbd47fc00a2c39e90264f33305004495a9","hash":"f81a4d6f3b53a3bc2e552c5953ac36f2f5b848e0"}
,"/Users/tochka/Documents/RAG/rag/frontend/src/components/DocumentList.js": {"path":"/Users/tochka/Documents/RAG/rag/frontend/src/components/DocumentList.js","statementMap":{"0":{"start":{"line":22,"column":16},"end":{"line":22,"column":26}},"1":{"start":{"line":25,"column":26},"end":{"line":36,"column":3}},"2":{"start":{"line":26,"column":4},"end":{"line":35,"column":5}},"3":{"start":{"line":28,"column":8},"end":{"line":28,"column":27}},"4":{"start":{"line":30,"column":8},"end":{"line":30,"column":36}},"5":{"start":{"line":32,"column":8},"end":{"line":32,"column":35}},"6":{"start":{"line":34,"column":8},"end":{"line":34,"column":39}},"7":{"start":{"line":39,"column":21},"end":{"line":48,"column":3}},"8":{"start":{"line":40,"column":20},"end":{"line":46,"column":5}},"9":{"start":{"line":47,"column":4},"end":{"line":47,"column":69}},"10":{"start":{"line":50,"column":2},"end":{"line":56,"column":3}},"11":{"start":{"line":51,"column":4},"end":{"line":55,"column":6}},"12":{"start":{"line":58,"column":2},"end":{"line":69,"column":3}},"13":{"start":{"line":59,"column":4},"end":{"line":68,"column":6}},"14":{"start":{"line":71,"column":2},"end":{"line":118,"column":4}},"15":{"start":{"line":79,"column":10},"end":{"line":114,"column":27}}},"fnMap":{"0":{"name":"DocumentList","decl":{"start":{"line":21,"column":9},"end":{"line":21,"column":21}},"loc":{"start":{"line":21,"column":46},"end":{"line":119,"column":1}},"line":21},"1":{"name":"(anonymous_1)","decl":{"start":{"line":25,"column":26},"end":{"line":25,"column":27}},"loc":{"start":{"line":25,"column":38},"end":{"line":36,"column":3}},"line":25},"2":{"name":"(anonymous_2)","decl":{"start":{"line":39,"column":21},"end":{"line":39,"column":22}},"loc":{"start":{"line":39,"column":37},"end":{"line":48,"column":3}},"line":39},"3":{"name":"(anonymous_3)","decl":{"start":{"line":78,"column":23},"end":{"line":78,"column":24}},"loc":{"start":{"line":79,"column":10},"end":{"line":114,"column":27}},"line":79}},"branchMap":{"0":{"loc":{"start":{"line":26,"column":4},"end":{"line":35,"column":5}},"type":"switch","locations":[{"start":{"line":27,"column":6},"end":{"line":28,"column":27}},{"start":{"line":29,"column":6},"end":{"line":30,"column":36}},{"start":{"line":31,"column":6},"end":{"line":32,"column":35}},{"start":{"line":33,"column":6},"end":{"line":34,"column":39}}],"line":26},"1":{"loc":{"start":{"line":50,"column":2},"end":{"line":56,"column":3}},"type":"if","locations":[{"start":{"line":50,"column":2},"end":{"line":56,"column":3}},{"start":{},"end":{}}],"line":50},"2":{"loc":{"start":{"line":58,"column":2},"end":{"line":69,"column":3}},"type":"if","locations":[{"start":{"line":58,"column":2},"end":{"line":69,"column":3}},{"start":{},"end":{}}],"line":58},"3":{"loc":{"start":{"line":58,"column":6},"end":{"line":58,"column":42}},"type":"binary-expr","locations":[{"start":{"line":58,"column":6},"end":{"line":58,"column":16}},{"start":{"line":58,"column":20},"end":{"line":58,"column":42}}],"line":58},"4":{"loc":{"start":{"line":80,"column":13},"end":{"line":80,"column":52}},"type":"binary-expr","locations":[{"start":{"line":80,"column":13},"end":{"line":80,"column":22}},{"start":{"line":80,"column":26},"end":{"line":80,"column":52}}],"line":80}},"s":{"0":15,"1":15,"2":17,"3":7,"4":3,"5":7,"6":0,"7":15,"8":17,"9":17,"10":15,"11":6,"12":9,"13":2,"14":7,"15":17},"f":{"0":15,"1":17,"2":17,"3":17},"b":{"0":[7,3,7,0],"1":[6,9],"2":[2,7],"3":[9,9],"4":[17,10]},"_coverageSchema":"1a1c01bbd47fc00a2c39e90264f33305004495a9","hash":"911a3d9a2d8791adf8fad73f7ffcae69ebfd80ae"}
,"/Users/tochka/Documents/RAG/rag/frontend/src/components/FileUpload.js": {"path":"/Users/tochka/Documents/RAG/rag/frontend/src/components/FileUpload.js","statementMap":{"0":{"start":{"line":18,"column":28},"end":{"line":18,"column":40}},"1":{"start":{"line":19,"column":30},"end":{"line":19,"column":48}},"2":{"start":{"line":20,"column":26},"end":{"line":20,"column":40}},"3":{"start":{"line":21,"column":28},"end":{"line":21,"column":40}},"4":{"start":{"line":22,"column":32},"end":{"line":22,"column":47}},"5":{"start":{"line":24,"column":18},"end":{"line":29,"column":3}},"6":{"start":{"line":31,"column":27},"end":{"line":46,"column":3}},"7":{"start":{"line":32,"column":25},"end":{"line":32,"column":42}},"8":{"start":{"line":33,"column":4},"end":{"line":45,"column":5}},"9":{"start":{"line":34,"column":6},"end":{"line":44,"column":7}},"10":{"start":{"line":35,"column":8},"end":{"line":35,"column":48}},"11":{"start":{"line":36,"column":8},"end":{"line":36,"column":22}},"12":{"start":{"line":38,"column":8},"end":{"line":38,"column":30}},"13":{"start":{"line":39,"column":8},"end":{"line":39,"column":21}},"14":{"start":{"line":41,"column":8},"end":{"line":43,"column":9}},"15":{"start":{"line":42,"column":10},"end":{"line":42,"column":52}},"16":{"start":{"line":48,"column":23},"end":{"line":75,"column":3}},"17":{"start":{"line":49,"column":4},"end":{"line":49,"column":23}},"18":{"start":{"line":50,"column":4},"end":{"line":50,"column":17}},"19":{"start":{"line":51,"column":4},"end":{"line":51,"column":22}},"20":{"start":{"line":53,"column":4},"end":{"line":56,"column":5}},"21":{"start":{"line":54,"column":6},"end":{"line":54,"column":45}},"22":{"start":{"line":55,"column":6},"end":{"line":55,"column":13}},"23":{"start":{"line":58,"column":4},"end":{"line":61,"column":5}},"24":{"start":{"line":59,"column":6},"end":{"line":59,"column":45}},"25":{"start":{"line":60,"column":6},"end":{"line":60,"column":13}},"26":{"start":{"line":63,"column":4},"end":{"line":74,"column":5}},"27":{"start":{"line":64,"column":6},"end":{"line":64,"column":42}},"28":{"start":{"line":65,"column":6},"end":{"line":65,"column":23}},"29":{"start":{"line":66,"column":6},"end":{"line":66,"column":19}},"30":{"start":{"line":67,"column":6},"end":{"line":67,"column":26}},"31":{"start":{"line":68,"column":6},"end":{"line":68,"column":20}},"32":{"start":{"line":70,"column":24},"end":{"line":70,"column":64}},"33":{"start":{"line":71,"column":6},"end":{"line":71,"column":42}},"34":{"start":{"line":71,"column":21},"end":{"line":71,"column":42}},"35":{"start":{"line":73,"column":6},"end":{"line":73,"column":59}},"36":{"start":{"line":77,"column":2},"end":{"line":151,"column":4}},"37":{"start":{"line":91,"column":27},"end":{"line":91,"column":51}},"38":{"start":{"line":102,"column":29},"end":{"line":102,"column":54}},"39":{"start":{"line":106,"column":14},"end":{"line":108,"column":25}}},"fnMap":{"0":{"name":"FileUpload","decl":{"start":{"line":17,"column":9},"end":{"line":17,"column":19}},"loc":{"start":{"line":17,"column":43},"end":{"line":152,"column":1}},"line":17},"1":{"name":"(anonymous_1)","decl":{"start":{"line":31,"column":27},"end":{"line":31,"column":28}},"loc":{"start":{"line":31,"column":34},"end":{"line":46,"column":3}},"line":31},"2":{"name":"(anonymous_2)","decl":{"start":{"line":48,"column":23},"end":{"line":48,"column":24}},"loc":{"start":{"line":48,"column":36},"end":{"line":75,"column":3}},"line":48},"3":{"name":"(anonymous_3)","decl":{"start":{"line":91,"column":20},"end":{"line":91,"column":21}},"loc":{"start":{"line":91,"column":27},"end":{"line":91,"column":51}},"line":91},"4":{"name":"(anonymous_4)","decl":{"start":{"line":102,"column":22},"end":{"line":102,"column":23}},"loc":{"start":{"line":102,"column":29},"end":{"line":102,"column":54}},"line":102},"5":{"name":"(anonymous_5)","decl":{"start":{"line":105,"column":25},"end":{"line":105,"column":26}},"loc":{"start":{"line":106,"column":14},"end":{"line":108,"column":25}},"line":106}},"branchMap":{"0":{"loc":{"start":{"line":33,"column":4},"end":{"line":45,"column":5}},"type":"if","locations":[{"start":{"line":33,"column":4},"end":{"line":45,"column":5}},{"start":{},"end":{}}],"line":33},"1":{"loc":{"start":{"line":34,"column":6},"end":{"line":44,"column":7}},"type":"if","locations":[{"start":{"line":34,"column":6},"end":{"line":44,"column":7}},{"start":{"line":37,"column":13},"end":{"line":44,"column":7}}],"line":34},"2":{"loc":{"start":{"line":41,"column":8},"end":{"line":43,"column":9}},"type":"if","locations":[{"start":{"line":41,"column":8},"end":{"line":43,"column":9}},{"start":{},"end":{}}],"line":41},"3":{"loc":{"start":{"line":53,"column":4},"end":{"line":56,"column":5}},"type":"if","locations":[{"start":{"line":53,"column":4},"end":{"line":56,"column":5}},{"start":{},"end":{}}],"line":53},"4":{"loc":{"start":{"line":58,"column":4},"end":{"line":61,"column":5}},"type":"if","locations":[{"start":{"line":58,"column":4},"end":{"line":61,"column":5}},{"start":{},"end":{}}],"line":58},"5":{"loc":{"start":{"line":71,"column":6},"end":{"line":71,"column":42}},"type":"if","locations":[{"start":{"line":71,"column":6},"end":{"line":71,"column":42}},{"start":{},"end":{}}],"line":71},"6":{"loc":{"start":{"line":73,"column":15},"end":{"line":73,"column":57}},"type":"binary-expr","locations":[{"start":{"line":73,"column":15},"end":{"line":73,"column":26}},{"start":{"line":73,"column":30},"end":{"line":73,"column":57}}],"line":73},"7":{"loc":{"start":{"line":83,"column":7},"end":{"line":83,"column":70}},"type":"binary-expr","locations":[{"start":{"line":83,"column":7},"end":{"line":83,"column":12}},{"start":{"line":83,"column":16},"end":{"line":83,"column":70}}],"line":83},"8":{"loc":{"start":{"line":84,"column":7},"end":{"line":84,"column":93}},"type":"binary-expr","locations":[{"start":{"line":84,"column":7},"end":{"line":84,"column":14}},{"start":{"line":84,"column":18},"end":{"line":84,"column":93}}],"line":84},"9":{"loc":{"start":{"line":132,"column":9},"end":{"line":136,"column":9}},"type":"binary-expr","locations":[{"start":{"line":132,"column":9},"end":{"line":132,"column":13}},{"start":{"line":133,"column":10},"end":{"line":135,"column":23}}],"line":132},"10":{"loc":{"start":{"line":143,"column":20},"end":{"line":143,"column":36}},"type":"binary-expr","locations":[{"start":{"line":143,"column":20},"end":{"line":143,"column":27}},{"start":{"line":143,"column":31},"end":{"line":143,"column":36}}],"line":143},"11":{"loc":{"start":{"line":145,"column":21},"end":{"line":145,"column":78}},"type":"binary-expr","locations":[{"start":{"line":145,"column":21},"end":{"line":145,"column":28}},{"start":{"line":145,"column":32},"end":{"line":145,"column":78}}],"line":145},"12":{"loc":{"start":{"line":147,"column":11},"end":{"line":147,"column":57}},"type":"cond-expr","locations":[{"start":{"line":147,"column":21},"end":{"line":147,"column":34}},{"start":{"line":147,"column":37},"end":{"line":147,"column":57}}],"line":147}},"s":{"0":16,"1":16,"2":16,"3":16,"4":16,"5":16,"6":16,"7":0,"8":0,"9":0,"10":0,"11":0,"12":0,"13":0,"14":0,"15":0,"16":16,"17":0,"18":0,"19":0,"20":0,"21":0,"22":0,"23":0,"24":0,"25":0,"26":0,"27":0,"28":0,"29":0,"30":0,"31":0,"32":0,"33":0,"34":0,"35":0,"36":16,"37":0,"38":0,"39":64},"f":{"0":16,"1":0,"2":0,"3":0,"4":0,"5":64},"b":{"0":[0,0],"1":[0,0],"2":[0,0],"3":[0,0],"4":[0,0],"5":[0,0],"6":[0,0],"7":[16,0],"8":[16,0],"9":[16,0],"10":[16,15],"11":[16,1],"12":[1,15]},"_coverageSchema":"1a1c01bbd47fc00a2c39e90264f33305004495a9","hash":"1545cad02ff686aa457324d253d6fa62c6e630ae"}
,"/Users/tochka/Documents/RAG/rag/frontend/src/components/Header.js": {"path":"/Users/tochka/Documents/RAG/rag/frontend/src/components/Header.js","statementMap":{"0":{"start":{"line":20,"column":38},"end":{"line":20,"column":47}},"1":{"start":{"line":21,"column":16},"end":{"line":21,"column":26}},"2":{"start":{"line":22,"column":19},"end":{"line":22,"column":62}},"3":{"start":{"line":23,"column":34},"end":{"line":23,"column":54}},"4":{"start":{"line":25,"column":21},"end":{"line":27,"column":3}},"5":{"start":{"line":26,"column":4},"end":{"line":26,"column":37}},"6":{"start":{"line":29,"column":22},"end":{"line":31,"column":3}},"7":{"start":{"line":30,"column":4},"end":{"line":30,"column":22}},"8":{"start":{"line":33,"column":23},"end":{"line":36,"column":3}},"9":{"start":{"line":34,"column":4},"end":{"line":34,"column":13}},"10":{"start":{"line":35,"column":4},"end":{"line":35,"column":18}},"11":{"start":{"line":38,"column":2},"end":{"line":123,"column":4}}},"fnMap":{"0":{"name":"Header","decl":{"start":{"line":19,"column":9},"end":{"line":19,"column":15}},"loc":{"start":{"line":19,"column":18},"end":{"line":124,"column":1}},"line":19},"1":{"name":"(anonymous_1)","decl":{"start":{"line":25,"column":21},"end":{"line":25,"column":22}},"loc":{"start":{"line":25,"column":32},"end":{"line":27,"column":3}},"line":25},"2":{"name":"(anonymous_2)","decl":{"start":{"line":29,"column":22},"end":{"line":29,"column":23}},"loc":{"start":{"line":29,"column":28},"end":{"line":31,"column":3}},"line":29},"3":{"name":"(anonymous_3)","decl":{"start":{"line":33,"column":23},"end":{"line":33,"column":24}},"loc":{"start":{"line":33,"column":29},"end":{"line":36,"column":3}},"line":33}},"branchMap":{"0":{"loc":{"start":{"line":46,"column":11},"end":{"line":119,"column":11}},"type":"cond-expr","locations":[{"start":{"line":47,"column":12},"end":{"line":93,"column":15}},{"start":{"line":95,"column":12},"end":{"line":118,"column":18}}],"line":46},"1":{"loc":{"start":{"line":72,"column":17},"end":{"line":91,"column":17}},"type":"cond-expr","locations":[{"start":{"line":73,"column":18},"end":{"line":81,"column":21}},{"start":{"line":83,"column":18},"end":{"line":90,"column":21}}],"line":72},"2":{"loc":{"start":{"line":96,"column":15},"end":{"line":117,"column":15}},"type":"cond-expr","locations":[{"start":{"line":97,"column":16},"end":{"line":107,"column":19}},{"start":{"line":109,"column":16},"end":{"line":116,"column":19}}],"line":96}},"s":{"0":0,"1":0,"2":0,"3":0,"4":0,"5":0,"6":0,"7":0,"8":0,"9":0,"10":0,"11":0},"f":{"0":0,"1":0,"2":0,"3":0},"b":{"0":[0,0],"1":[0,0],"2":[0,0]}}
,"/Users/tochka/Documents/RAG/rag/frontend/src/components/MessageItem.js": {"path":"/Users/tochka/Documents/RAG/rag/frontend/src/components/MessageItem.js","statementMap":{"0":{"start":{"line":12,"column":2},"end":{"line":47,"column":4}}},"fnMap":{"0":{"name":"MessageItem","decl":{"start":{"line":11,"column":9},"end":{"line":11,"column":20}},"loc":{"start":{"line":11,"column":42},"end":{"line":48,"column":1}},"line":11}},"branchMap":{"0":{"loc":{"start":{"line":16,"column":23},"end":{"line":16,"column":53}},"type":"cond-expr","locations":[{"start":{"line":16,"column":32},"end":{"line":16,"column":45}},{"start":{"line":16,"column":48},"end":{"line":16,"column":53}}],"line":16},"1":{"loc":{"start":{"line":24,"column":19},"end":{"line":24,"column":61}},"type":"cond-expr","locations":[{"start":{"line":24,"column":28},"end":{"line":24,"column":42}},{"start":{"line":24,"column":45},"end":{"line":24,"column":61}}],"line":24},"2":{"loc":{"start":{"line":29,"column":9},"end":{"line":29,"column":51}},"type":"cond-expr","locations":[{"start":{"line":29,"column":18},"end":{"line":29,"column":32}},{"start":{"line":29,"column":35},"end":{"line":29,"column":51}}],"line":29},"3":{"loc":{"start":{"line":36,"column":19},"end":{"line":36,"column":56}},"type":"cond-expr","locations":[{"start":{"line":36,"column":28},"end":{"line":36,"column":43}},{"start":{"line":36,"column":46},"end":{"line":36,"column":56}}],"line":36},"4":{"loc":{"start":{"line":37,"column":17},"end":{"line":37,"column":65}},"type":"cond-expr","locations":[{"start":{"line":37,"column":26},"end":{"line":37,"column":48}},{"start":{"line":37,"column":51},"end":{"line":37,"column":65}}],"line":37}},"s":{"0":11},"f":{"0":11},"b":{"0":[7,4],"1":[7,4],"2":[7,4],"3":[7,4],"4":[7,4]},"_coverageSchema":"1a1c01bbd47fc00a2c39e90264f33305004495a9","hash":"e7fae6e88a0792e42271f46062d8a5321a889869"}
,"/Users/tochka/Documents/RAG/rag/frontend/src/contexts/AuthContext.js": {"path":"/Users/tochka/Documents/RAG/rag/frontend/src/contexts/AuthContext.js","statementMap":{"0":{"start":{"line":5,"column":20},"end":{"line":5,"column":35}},"1":{"start":{"line":8,"column":28},"end":{"line":79,"column":1}},"2":{"start":{"line":9,"column":26},"end":{"line":9,"column":40}},"3":{"start":{"line":10,"column":32},"end":{"line":10,"column":46}},"4":{"start":{"line":11,"column":28},"end":{"line":11,"column":42}},"5":{"start":{"line":14,"column":2},"end":{"line":28,"column":9}},"6":{"start":{"line":15,"column":22},"end":{"line":25,"column":5}},"7":{"start":{"line":16,"column":6},"end":{"line":24,"column":7}},"8":{"start":{"line":17,"column":8},"end":{"line":19,"column":9}},"9":{"start":{"line":18,"column":10},"end":{"line":18,"column":45}},"10":{"start":{"line":21,"column":8},"end":{"line":21,"column":59}},"11":{"start":{"line":23,"column":8},"end":{"line":23,"column":26}},"12":{"start":{"line":27,"column":4},"end":{"line":27,"column":16}},"13":{"start":{"line":31,"column":22},"end":{"line":44,"column":3}},"14":{"start":{"line":32,"column":4},"end":{"line":32,"column":21}},"15":{"start":{"line":33,"column":4},"end":{"line":33,"column":19}},"16":{"start":{"line":34,"column":4},"end":{"line":43,"column":5}},"17":{"start":{"line":35,"column":19},"end":{"line":35,"column":50}},"18":{"start":{"line":36,"column":6},"end":{"line":36,"column":51}},"19":{"start":{"line":37,"column":6},"end":{"line":37,"column":18}},"20":{"start":{"line":39,"column":6},"end":{"line":39,"column":52}},"21":{"start":{"line":40,"column":6},"end":{"line":40,"column":16}},"22":{"start":{"line":42,"column":6},"end":{"line":42,"column":24}},"23":{"start":{"line":47,"column":23},"end":{"line":51,"column":3}},"24":{"start":{"line":48,"column":4},"end":{"line":48,"column":13}},"25":{"start":{"line":49,"column":4},"end":{"line":49,"column":18}},"26":{"start":{"line":50,"column":4},"end":{"line":50,"column":19}},"27":{"start":{"line":54,"column":25},"end":{"line":66,"column":3}},"28":{"start":{"line":55,"column":4},"end":{"line":55,"column":21}},"29":{"start":{"line":56,"column":4},"end":{"line":56,"column":19}},"30":{"start":{"line":57,"column":4},"end":{"line":65,"column":5}},"31":{"start":{"line":58,"column":19},"end":{"line":58,"column":53}},"32":{"start":{"line":59,"column":6},"end":{"line":59,"column":18}},"33":{"start":{"line":61,"column":6},"end":{"line":61,"column":52}},"34":{"start":{"line":62,"column":6},"end":{"line":62,"column":16}},"35":{"start":{"line":64,"column":6},"end":{"line":64,"column":24}},"36":{"start":{"line":68,"column":16},"end":{"line":76,"column":3}},"37":{"start":{"line":78,"column":2},"end":{"line":78,"column":79}},"38":{"start":{"line":82,"column":23},"end":{"line":88,"column":1}},"39":{"start":{"line":83,"column":18},"end":{"line":83,"column":41}},"40":{"start":{"line":84,"column":2},"end":{"line":86,"column":3}},"41":{"start":{"line":85,"column":4},"end":{"line":85,"column":73}},"42":{"start":{"line":87,"column":2},"end":{"line":87,"column":17}}},"fnMap":{"0":{"name":"(anonymous_0)","decl":{"start":{"line":8,"column":28},"end":{"line":8,"column":29}},"loc":{"start":{"line":8,"column":46},"end":{"line":79,"column":1}},"line":8},"1":{"name":"(anonymous_1)","decl":{"start":{"line":14,"column":12},"end":{"line":14,"column":13}},"loc":{"start":{"line":14,"column":18},"end":{"line":28,"column":3}},"line":14},"2":{"name":"(anonymous_2)","decl":{"start":{"line":15,"column":22},"end":{"line":15,"column":23}},"loc":{"start":{"line":15,"column":34},"end":{"line":25,"column":5}},"line":15},"3":{"name":"(anonymous_3)","decl":{"start":{"line":31,"column":22},"end":{"line":31,"column":23}},"loc":{"start":{"line":31,"column":52},"end":{"line":44,"column":3}},"line":31},"4":{"name":"(anonymous_4)","decl":{"start":{"line":47,"column":23},"end":{"line":47,"column":24}},"loc":{"start":{"line":47,"column":29},"end":{"line":51,"column":3}},"line":47},"5":{"name":"(anonymous_5)","decl":{"start":{"line":54,"column":25},"end":{"line":54,"column":26}},"loc":{"start":{"line":54,"column":55},"end":{"line":66,"column":3}},"line":54},"6":{"name":"(anonymous_6)","decl":{"start":{"line":82,"column":23},"end":{"line":82,"column":24}},"loc":{"start":{"line":82,"column":29},"end":{"line":88,"column":1}},"line":82}},"branchMap":{"0":{"loc":{"start":{"line":17,"column":8},"end":{"line":19,"column":9}},"type":"if","locations":[{"start":{"line":17,"column":8},"end":{"line":19,"column":9}},{"start":{},"end":{}}],"line":17},"1":{"loc":{"start":{"line":39,"column":15},"end":{"line":39,"column":50}},"type":"binary-expr","locations":[{"start":{"line":39,"column":15},"end":{"line":39,"column":26}},{"start":{"line":39,"column":30},"end":{"line":39,"column":50}}],"line":39},"2":{"loc":{"start":{"line":61,"column":15},"end":{"line":61,"column":50}},"type":"binary-expr","locations":[{"start":{"line":61,"column":15},"end":{"line":61,"column":26}},{"start":{"line":61,"column":30},"end":{"line":61,"column":50}}],"line":61},"3":{"loc":{"start":{"line":75,"column":21},"end":{"line":75,"column":51}},"type":"binary-expr","locations":[{"start":{"line":75,"column":21},"end":{"line":75,"column":42}},{"start":{"line":75,"column":46},"end":{"line":75,"column":51}}],"line":75},"4":{"loc":{"start":{"line":84,"column":2},"end":{"line":86,"column":3}},"type":"if","locations":[{"start":{"line":84,"column":2},"end":{"line":86,"column":3}},{"start":{},"end":{}}],"line":84}},"s":{"0":1,"1":1,"2":20,"3":20,"4":20,"5":20,"6":6,"7":6,"8":6,"9":1,"10":0,"11":6,"12":6,"13":20,"14":3,"15":3,"16":3,"17":3,"18":2,"19":2,"20":1,"21":1,"22":3,"23":20,"24":0,"25":0,"26":0,"27":20,"28":1,"29":1,"30":1,"31":1,"32":1,"33":0,"34":0,"35":1,"36":20,"37":20,"38":1,"39":20,"40":20,"41":0,"42":20},"f":{"0":20,"1":6,"2":6,"3":3,"4":0,"5":1,"6":20},"b":{"0":[1,5],"1":[1,0],"2":[0,0],"3":[20,17],"4":[0,20]},"_coverageSchema":"1a1c01bbd47fc00a2c39e90264f33305004495a9","hash":"763d9d0ff7f99f93493e9d0c6d7f0dafc3feb527"}
,"/Users/tochka/Documents/RAG/rag/frontend/src/pages/ChatPage.js": {"path":"/Users/tochka/Documents/RAG/rag/frontend/src/pages/ChatPage.js","statementMap":{"0":{"start":{"line":16,"column":34},"end":{"line":16,"column":46}},"1":{"start":{"line":17,"column":32},"end":{"line":17,"column":47}},"2":{"start":{"line":18,"column":28},"end":{"line":18,"column":40}},"3":{"start":{"line":19,"column":46},"end":{"line":19,"column":60}},"4":{"start":{"line":20,"column":25},"end":{"line":20,"column":37}},"5":{"start":{"line":23,"column":2},"end":{"line":51,"column":9}},"6":{"start":{"line":24,"column":29},"end":{"line":48,"column":5}},"7":{"start":{"line":25,"column":6},"end":{"line":47,"column":7}},"8":{"start":{"line":26,"column":24},"end":{"line":26,"column":46}},"9":{"start":{"line":28,"column":31},"end":{"line":39,"column":27}},"10":{"start":{"line":28,"column":51},"end":{"line":39,"column":9}},"11":{"start":{"line":41,"column":8},"end":{"line":41,"column":36}},"12":{"start":{"line":43,"column":8},"end":{"line":43,"column":54}},"13":{"start":{"line":44,"column":8},"end":{"line":44,"column":27}},"14":{"start":{"line":46,"column":8},"end":{"line":46,"column":33}},"15":{"start":{"line":50,"column":4},"end":{"line":50,"column":23}},"16":{"start":{"line":54,"column":2},"end":{"line":56,"column":17}},"17":{"start":{"line":55,"column":4},"end":{"line":55,"column":67}},"18":{"start":{"line":59,"column":28},"end":{"line":83,"column":3}},"19":{"start":{"line":60,"column":4},"end":{"line":60,"column":17}},"20":{"start":{"line":63,"column":26},"end":{"line":63,"column":46}},"21":{"start":{"line":64,"column":4},"end":{"line":64,"column":78}},"22":{"start":{"line":64,"column":24},"end":{"line":64,"column":76}},"23":{"start":{"line":66,"column":4},"end":{"line":66,"column":21}},"24":{"start":{"line":67,"column":4},"end":{"line":82,"column":5}},"25":{"start":{"line":69,"column":23},"end":{"line":69,"column":46}},"26":{"start":{"line":72,"column":6},"end":{"line":76,"column":10}},"27":{"start":{"line":72,"column":26},"end":{"line":76,"column":8}},"28":{"start":{"line":78,"column":6},"end":{"line":78,"column":44}},"29":{"start":{"line":79,"column":6},"end":{"line":79,"column":25}},"30":{"start":{"line":81,"column":6},"end":{"line":81,"column":24}},"31":{"start":{"line":85,"column":2},"end":{"line":156,"column":4}},"32":{"start":{"line":125,"column":16},"end":{"line":129,"column":18}}},"fnMap":{"0":{"name":"ChatPage","decl":{"start":{"line":15,"column":9},"end":{"line":15,"column":17}},"loc":{"start":{"line":15,"column":20},"end":{"line":157,"column":1}},"line":15},"1":{"name":"(anonymous_1)","decl":{"start":{"line":23,"column":12},"end":{"line":23,"column":13}},"loc":{"start":{"line":23,"column":18},"end":{"line":51,"column":3}},"line":23},"2":{"name":"(anonymous_2)","decl":{"start":{"line":24,"column":29},"end":{"line":24,"column":30}},"loc":{"start":{"line":24,"column":41},"end":{"line":48,"column":5}},"line":24},"3":{"name":"(anonymous_3)","decl":{"start":{"line":28,"column":43},"end":{"line":28,"column":44}},"loc":{"start":{"line":28,"column":51},"end":{"line":39,"column":9}},"line":28},"4":{"name":"(anonymous_4)","decl":{"start":{"line":54,"column":12},"end":{"line":54,"column":13}},"loc":{"start":{"line":54,"column":18},"end":{"line":56,"column":3}},"line":54},"5":{"name":"(anonymous_5)","decl":{"start":{"line":59,"column":28},"end":{"line":59,"column":29}},"loc":{"start":{"line":59,"column":44},"end":{"line":83,"column":3}},"line":59},"6":{"name":"(anonymous_6)","decl":{"start":{"line":64,"column":16},"end":{"line":64,"column":17}},"loc":{"start":{"line":64,"column":24},"end":{"line":64,"column":76}},"line":64},"7":{"name":"(anonymous_7)","decl":{"start":{"line":72,"column":18},"end":{"line":72,"column":19}},"loc":{"start":{"line":72,"column":26},"end":{"line":76,"column":8}},"line":72},"8":{"name":"(anonymous_8)","decl":{"start":{"line":124,"column":28},"end":{"line":124,"column":29}},"loc":{"start":{"line":125,"column":16},"end":{"line":129,"column":18}},"line":125}},"branchMap":{"0":{"loc":{"start":{"line":111,"column":11},"end":{"line":149,"column":11}},"type":"cond-expr","locations":[{"start":{"line":112,"column":12},"end":{"line":114,"column":18}},{"start":{"line":115,"column":14},"end":{"line":149,"column":11}}],"line":111},"1":{"loc":{"start":{"line":115,"column":14},"end":{"line":149,"column":11}},"type":"cond-expr","locations":[{"start":{"line":116,"column":12},"end":{"line":120,"column":18}},{"start":{"line":122,"column":12},"end":{"line":148,"column":15}}],"line":115},"2":{"loc":{"start":{"line":133,"column":15},"end":{"line":137,"column":15}},"type":"binary-expr","locations":[{"start":{"line":133,"column":15},"end":{"line":133,"column":20}},{"start":{"line":134,"column":16},"end":{"line":136,"column":22}}],"line":133},"3":{"loc":{"start":{"line":140,"column":15},"end":{"line":144,"column":15}},"type":"binary-expr","locations":[{"start":{"line":140,"column":15},"end":{"line":140,"column":22}},{"start":{"line":141,"column":16},"end":{"line":143,"column":22}}],"line":140}},"s":{"0":15,"1":14,"2":14,"3":14,"4":14,"5":14,"6":6,"7":6,"8":6,"9":5,"10":2,"11":5,"12":0,"13":0,"14":5,"15":6,"16":14,"17":14,"18":14,"19":3,"20":3,"21":3,"22":3,"23":3,"24":3,"25":3,"26":1,"27":0,"28":1,"29":1,"30":2,"31":14,"32":7},"f":{"0":15,"1":6,"2":6,"3":2,"4":14,"5":3,"6":3,"7":0,"8":7},"b":{"0":[6,8],"1":[4,4],"2":[4,0],"3":[4,3]},"_coverageSchema":"1a1c01bbd47fc00a2c39e90264f33305004495a9","hash":"0561384a2fd96e83edaca3f560255f28f967dd01"}
,"/Users/tochka/Documents/RAG/rag/frontend/src/pages/DocumentsPage.js": {"path":"/Users/tochka/Documents/RAG/rag/frontend/src/pages/DocumentsPage.js","statementMap":{"0":{"start":{"line":13,"column":36},"end":{"line":13,"column":48}},"1":{"start":{"line":14,"column":32},"end":{"line":14,"column":46}},"2":{"start":{"line":15,"column":36},"end":{"line":15,"column":51}},"3":{"start":{"line":16,"column":28},"end":{"line":16,"column":40}},"4":{"start":{"line":19,"column":2},"end":{"line":21,"column":9}},"5":{"start":{"line":20,"column":4},"end":{"line":20,"column":21}},"6":{"start":{"line":24,"column":25},"end":{"line":37,"column":3}},"7":{"start":{"line":25,"column":4},"end":{"line":25,"column":21}},"8":{"start":{"line":26,"column":4},"end":{"line":26,"column":17}},"9":{"start":{"line":28,"column":4},"end":{"line":36,"column":5}},"10":{"start":{"line":29,"column":19},"end":{"line":29,"column":39}},"11":{"start":{"line":30,"column":6},"end":{"line":30,"column":25}},"12":{"start":{"line":32,"column":6},"end":{"line":32,"column":57}},"13":{"start":{"line":33,"column":6},"end":{"line":33,"column":25}},"14":{"start":{"line":35,"column":6},"end":{"line":35,"column":24}},"15":{"start":{"line":40,"column":31},"end":{"line":56,"column":3}},"16":{"start":{"line":41,"column":4},"end":{"line":41,"column":23}},"17":{"start":{"line":42,"column":4},"end":{"line":42,"column":17}},"18":{"start":{"line":44,"column":4},"end":{"line":55,"column":5}},"19":{"start":{"line":45,"column":6},"end":{"line":45,"column":48}},"20":{"start":{"line":47,"column":6},"end":{"line":47,"column":29}},"21":{"start":{"line":48,"column":6},"end":{"line":48,"column":18}},"22":{"start":{"line":50,"column":27},"end":{"line":50,"column":73}},"23":{"start":{"line":51,"column":6},"end":{"line":51,"column":29}},"24":{"start":{"line":52,"column":6},"end":{"line":52,"column":36}},"25":{"start":{"line":54,"column":6},"end":{"line":54,"column":26}},"26":{"start":{"line":58,"column":2},"end":{"line":83,"column":4}}},"fnMap":{"0":{"name":"DocumentsPage","decl":{"start":{"line":12,"column":9},"end":{"line":12,"column":22}},"loc":{"start":{"line":12,"column":25},"end":{"line":84,"column":1}},"line":12},"1":{"name":"(anonymous_1)","decl":{"start":{"line":19,"column":12},"end":{"line":19,"column":13}},"loc":{"start":{"line":19,"column":18},"end":{"line":21,"column":3}},"line":19},"2":{"name":"(anonymous_2)","decl":{"start":{"line":24,"column":25},"end":{"line":24,"column":26}},"loc":{"start":{"line":24,"column":37},"end":{"line":37,"column":3}},"line":24},"3":{"name":"(anonymous_3)","decl":{"start":{"line":40,"column":31},"end":{"line":40,"column":32}},"loc":{"start":{"line":40,"column":62},"end":{"line":56,"column":3}},"line":40}},"branchMap":{"0":{"loc":{"start":{"line":50,"column":27},"end":{"line":50,"column":73}},"type":"binary-expr","locations":[{"start":{"line":50,"column":27},"end":{"line":50,"column":38}},{"start":{"line":50,"column":42},"end":{"line":50,"column":73}}],"line":50},"1":{"loc":{"start":{"line":69,"column":7},"end":{"line":69,"column":70}},"type":"binary-expr","locations":[{"start":{"line":69,"column":7},"end":{"line":69,"column":12}},{"start":{"line":69,"column":16},"end":{"line":69,"column":70}}],"line":69}},"s":{"0":11,"1":10,"2":10,"3":10,"4":10,"5":5,"6":10,"7":5,"8":5,"9":5,"10":5,"11":4,"12":1,"13":1,"14":5,"15":10,"16":0,"17":0,"18":0,"19":0,"20":0,"21":0,"22":0,"23":0,"24":0,"25":0,"26":10},"f":{"0":11,"1":5,"2":5,"3":0},"b":{"0":[0,0],"1":[10,1]},"_coverageSchema":"1a1c01bbd47fc00a2c39e90264f33305004495a9","hash":"82985bfcc5d5b71d567e73bc8ea7e0fb453e5373"}
,"/Users/tochka/Documents/RAG/rag/frontend/src/pages/HomePage.js": {"path":"/Users/tochka/Documents/RAG/rag/frontend/src/pages/HomePage.js","statementMap":{"0":{"start":{"line":19,"column":30},"end":{"line":19,"column":39}},"1":{"start":{"line":21,"column":2},"end":{"line":160,"column":4}}},"fnMap":{"0":{"name":"HomePage","decl":{"start":{"line":18,"column":9},"end":{"line":18,"column":17}},"loc":{"start":{"line":18,"column":20},"end":{"line":161,"column":1}},"line":18}},"branchMap":{"0":{"loc":{"start":{"line":41,"column":11},"end":{"line":62,"column":11}},"type":"cond-expr","locations":[{"start":{"line":42,"column":12},"end":{"line":51,"column":21}},{"start":{"line":53,"column":12},"end":{"line":61,"column":21}}],"line":41},"1":{"loc":{"start":{"line":83,"column":15},"end":{"line":91,"column":15}},"type":"binary-expr","locations":[{"start":{"line":83,"column":15},"end":{"line":83,"column":30}},{"start":{"line":84,"column":16},"end":{"line":90,"column":25}}],"line":83},"2":{"loc":{"start":{"line":107,"column":15},"end":{"line":115,"column":15}},"type":"binary-expr","locations":[{"start":{"line":107,"column":15},"end":{"line":107,"column":30}},{"start":{"line":108,"column":16},"end":{"line":114,"column":25}}],"line":107},"3":{"loc":{"start":{"line":131,"column":15},"end":{"line":138,"column":15}},"type":"binary-expr","locations":[{"start":{"line":131,"column":15},"end":{"line":131,"column":30}},{"start":{"line":132,"column":16},"end":{"line":137,"column":25}}],"line":131}},"s":{"0":0,"1":0},"f":{"0":0},"b":{"0":[0,0],"1":[0,0],"2":[0,0],"3":[0,0]}}
,"/Users/tochka/Documents/RAG/rag/frontend/src/pages/LoginPage.js": {"path":"/Users/tochka/Documents/RAG/rag/frontend/src/pages/LoginPage.js","statementMap":{"0":{"start":{"line":17,"column":34},"end":{"line":17,"column":46}},"1":{"start":{"line":18,"column":34},"end":{"line":18,"column":46}},"2":{"start":{"line":19,"column":28},"end":{"line":19,"column":40}},"3":{"start":{"line":20,"column":29},"end":{"line":20,"column":38}},"4":{"start":{"line":21,"column":19},"end":{"line":21,"column":32}},"5":{"start":{"line":23,"column":23},"end":{"line":43,"column":3}},"6":{"start":{"line":24,"column":4},"end":{"line":24,"column":23}},"7":{"start":{"line":25,"column":4},"end":{"line":25,"column":17}},"8":{"start":{"line":27,"column":4},"end":{"line":30,"column":5}},"9":{"start":{"line":28,"column":6},"end":{"line":28,"column":43}},"10":{"start":{"line":29,"column":6},"end":{"line":29,"column":13}},"11":{"start":{"line":32,"column":4},"end":{"line":35,"column":5}},"12":{"start":{"line":33,"column":6},"end":{"line":33,"column":33}},"13":{"start":{"line":34,"column":6},"end":{"line":34,"column":13}},"14":{"start":{"line":37,"column":4},"end":{"line":42,"column":5}},"15":{"start":{"line":38,"column":6},"end":{"line":38,"column":38}},"16":{"start":{"line":39,"column":6},"end":{"line":39,"column":24}},"17":{"start":{"line":41,"column":6},"end":{"line":41,"column":70}},"18":{"start":{"line":45,"column":2},"end":{"line":101,"column":4}},"19":{"start":{"line":61,"column":29},"end":{"line":61,"column":56}},"20":{"start":{"line":73,"column":29},"end":{"line":73,"column":56}}},"fnMap":{"0":{"name":"LoginPage","decl":{"start":{"line":16,"column":9},"end":{"line":16,"column":18}},"loc":{"start":{"line":16,"column":21},"end":{"line":102,"column":1}},"line":16},"1":{"name":"(anonymous_1)","decl":{"start":{"line":23,"column":23},"end":{"line":23,"column":24}},"loc":{"start":{"line":23,"column":36},"end":{"line":43,"column":3}},"line":23},"2":{"name":"(anonymous_2)","decl":{"start":{"line":61,"column":22},"end":{"line":61,"column":23}},"loc":{"start":{"line":61,"column":29},"end":{"line":61,"column":56}},"line":61},"3":{"name":"(anonymous_3)","decl":{"start":{"line":73,"column":22},"end":{"line":73,"column":23}},"loc":{"start":{"line":73,"column":29},"end":{"line":73,"column":56}},"line":73}},"branchMap":{"0":{"loc":{"start":{"line":27,"column":4},"end":{"line":30,"column":5}},"type":"if","locations":[{"start":{"line":27,"column":4},"end":{"line":30,"column":5}},{"start":{},"end":{}}],"line":27},"1":{"loc":{"start":{"line":32,"column":4},"end":{"line":35,"column":5}},"type":"if","locations":[{"start":{"line":32,"column":4},"end":{"line":35,"column":5}},{"start":{},"end":{}}],"line":32},"2":{"loc":{"start":{"line":41,"column":15},"end":{"line":41,"column":68}},"type":"binary-expr","locations":[{"start":{"line":41,"column":15},"end":{"line":41,"column":26}},{"start":{"line":41,"column":30},"end":{"line":41,"column":68}}],"line":41},"3":{"loc":{"start":{"line":52,"column":9},"end":{"line":52,"column":72}},"type":"binary-expr","locations":[{"start":{"line":52,"column":9},"end":{"line":52,"column":14}},{"start":{"line":52,"column":18},"end":{"line":52,"column":72}}],"line":52},"4":{"loc":{"start":{"line":85,"column":23},"end":{"line":85,"column":80}},"type":"binary-expr","locations":[{"start":{"line":85,"column":23},"end":{"line":85,"column":30}},{"start":{"line":85,"column":34},"end":{"line":85,"column":80}}],"line":85},"5":{"loc":{"start":{"line":87,"column":13},"end":{"line":87,"column":42}},"type":"cond-expr","locations":[{"start":{"line":87,"column":23},"end":{"line":87,"column":32}},{"start":{"line":87,"column":35},"end":{"line":87,"column":42}}],"line":87}},"s":{"0":0,"1":0,"2":0,"3":0,"4":0,"5":0,"6":0,"7":0,"8":0,"9":0,"10":0,"11":0,"12":0,"13":0,"14":0,"15":0,"16":0,"17":0,"18":0,"19":0,"20":0},"f":{"0":0,"1":0,"2":0,"3":0},"b":{"0":[0,0],"1":[0,0],"2":[0,0],"3":[0,0],"4":[0,0],"5":[0,0]}}
,"/Users/tochka/Documents/RAG/rag/frontend/src/pages/RegisterPage.js": {"path":"/Users/tochka/Documents/RAG/rag/frontend/src/pages/RegisterPage.js","statementMap":{"0":{"start":{"line":17,"column":34},"end":{"line":17,"column":46}},"1":{"start":{"line":18,"column":34},"end":{"line":18,"column":46}},"2":{"start":{"line":19,"column":48},"end":{"line":19,"column":60}},"3":{"start":{"line":20,"column":28},"end":{"line":20,"column":40}},"4":{"start":{"line":21,"column":39},"end":{"line":21,"column":48}},"5":{"start":{"line":22,"column":19},"end":{"line":22,"column":32}},"6":{"start":{"line":24,"column":23},"end":{"line":58,"column":3}},"7":{"start":{"line":25,"column":4},"end":{"line":25,"column":23}},"8":{"start":{"line":26,"column":4},"end":{"line":26,"column":17}},"9":{"start":{"line":28,"column":4},"end":{"line":31,"column":5}},"10":{"start":{"line":29,"column":6},"end":{"line":29,"column":43}},"11":{"start":{"line":30,"column":6},"end":{"line":30,"column":13}},"12":{"start":{"line":33,"column":4},"end":{"line":36,"column":5}},"13":{"start":{"line":34,"column":6},"end":{"line":34,"column":33}},"14":{"start":{"line":35,"column":6},"end":{"line":35,"column":13}},"15":{"start":{"line":38,"column":4},"end":{"line":41,"column":5}},"16":{"start":{"line":39,"column":6},"end":{"line":39,"column":38}},"17":{"start":{"line":40,"column":6},"end":{"line":40,"column":13}},"18":{"start":{"line":43,"column":4},"end":{"line":46,"column":5}},"19":{"start":{"line":44,"column":6},"end":{"line":44,"column":62}},"20":{"start":{"line":45,"column":6},"end":{"line":45,"column":13}},"21":{"start":{"line":48,"column":4},"end":{"line":57,"column":5}},"22":{"start":{"line":50,"column":6},"end":{"line":50,"column":41}},"23":{"start":{"line":53,"column":6},"end":{"line":53,"column":38}},"24":{"start":{"line":54,"column":6},"end":{"line":54,"column":24}},"25":{"start":{"line":56,"column":6},"end":{"line":56,"column":56}},"26":{"start":{"line":60,"column":2},"end":{"line":127,"column":4}},"27":{"start":{"line":76,"column":29},"end":{"line":76,"column":56}},"28":{"start":{"line":88,"column":29},"end":{"line":88,"column":56}},"29":{"start":{"line":99,"column":29},"end":{"line":99,"column":63}}},"fnMap":{"0":{"name":"RegisterPage","decl":{"start":{"line":16,"column":9},"end":{"line":16,"column":21}},"loc":{"start":{"line":16,"column":24},"end":{"line":128,"column":1}},"line":16},"1":{"name":"(anonymous_1)","decl":{"start":{"line":24,"column":23},"end":{"line":24,"column":24}},"loc":{"start":{"line":24,"column":36},"end":{"line":58,"column":3}},"line":24},"2":{"name":"(anonymous_2)","decl":{"start":{"line":76,"column":22},"end":{"line":76,"column":23}},"loc":{"start":{"line":76,"column":29},"end":{"line":76,"column":56}},"line":76},"3":{"name":"(anonymous_3)","decl":{"start":{"line":88,"column":22},"end":{"line":88,"column":23}},"loc":{"start":{"line":88,"column":29},"end":{"line":88,"column":56}},"line":88},"4":{"name":"(anonymous_4)","decl":{"start":{"line":99,"column":22},"end":{"line":99,"column":23}},"loc":{"start":{"line":99,"column":29},"end":{"line":99,"column":63}},"line":99}},"branchMap":{"0":{"loc":{"start":{"line":28,"column":4},"end":{"line":31,"column":5}},"type":"if","locations":[{"start":{"line":28,"column":4},"end":{"line":31,"column":5}},{"start":{},"end":{}}],"line":28},"1":{"loc":{"start":{"line":33,"column":4},"end":{"line":36,"column":5}},"type":"if","locations":[{"start":{"line":33,"column":4},"end":{"line":36,"column":5}},{"start":{},"end":{}}],"line":33},"2":{"loc":{"start":{"line":38,"column":4},"end":{"line":41,"column":5}},"type":"if","locations":[{"start":{"line":38,"column":4},"end":{"line":41,"column":5}},{"start":{},"end":{}}],"line":38},"3":{"loc":{"start":{"line":43,"column":4},"end":{"line":46,"column":5}},"type":"if","locations":[{"start":{"line":43,"column":4},"end":{"line":46,"column":5}},{"start":{},"end":{}}],"line":43},"4":{"loc":{"start":{"line":56,"column":15},"end":{"line":56,"column":54}},"type":"binary-expr","locations":[{"start":{"line":56,"column":15},"end":{"line":56,"column":26}},{"start":{"line":56,"column":30},"end":{"line":56,"column":54}}],"line":56},"5":{"loc":{"start":{"line":67,"column":9},"end":{"line":67,"column":72}},"type":"binary-expr","locations":[{"start":{"line":67,"column":9},"end":{"line":67,"column":14}},{"start":{"line":67,"column":18},"end":{"line":67,"column":72}}],"line":67},"6":{"loc":{"start":{"line":111,"column":23},"end":{"line":111,"column":80}},"type":"binary-expr","locations":[{"start":{"line":111,"column":23},"end":{"line":111,"column":30}},{"start":{"line":111,"column":34},"end":{"line":111,"column":80}}],"line":111},"7":{"loc":{"start":{"line":113,"column":13},"end":{"line":113,"column":62}},"type":"cond-expr","locations":[{"start":{"line":113,"column":23},"end":{"line":113,"column":39}},{"start":{"line":113,"column":42},"end":{"line":113,"column":62}}],"line":113}},"s":{"0":0,"1":0,"2":0,"3":0,"4":0,"5":0,"6":0,"7":0,"8":0,"9":0,"10":0,"11":0,"12":0,"13":0,"14":0,"15":0,"16":0,"17":0,"18":0,"19":0,"20":0,"21":0,"22":0,"23":0,"24":0,"25":0,"26":0,"27":0,"28":0,"29":0},"f":{"0":0,"1":0,"2":0,"3":0,"4":0},"b":{"0":[0,0],"1":[0,0],"2":[0,0],"3":[0,0],"4":[0,0],"5":[0,0],"6":[0,0],"7":[0,0]}}
,"/Users/tochka/Documents/RAG/rag/frontend/src/services/api.js": {"path":"/Users/tochka/Documents/RAG/rag/frontend/src/services/api.js","statementMap":{"0":{"start":{"line":3,"column":12},"end":{"line":8,"column":2}},"1":{"start":{"line":11,"column":0},"end":{"line":20,"column":2}},"2":{"start":{"line":13,"column":18},"end":{"line":13,"column":47}},"3":{"start":{"line":14,"column":4},"end":{"line":16,"column":5}},"4":{"start":{"line":15,"column":6},"end":{"line":15,"column":55}},"5":{"start":{"line":17,"column":4},"end":{"line":17,"column":18}},"6":{"start":{"line":19,"column":13},"end":{"line":19,"column":34}},"7":{"start":{"line":23,"column":24},"end":{"line":30,"column":1}},"8":{"start":{"line":24,"column":2},"end":{"line":29,"column":3}},"9":{"start":{"line":25,"column":21},"end":{"line":25,"column":72}},"10":{"start":{"line":26,"column":4},"end":{"line":26,"column":25}},"11":{"start":{"line":28,"column":4},"end":{"line":28,"column":81}},"12":{"start":{"line":33,"column":21},"end":{"line":51,"column":1}},"13":{"start":{"line":34,"column":2},"end":{"line":50,"column":3}},"14":{"start":{"line":35,"column":21},"end":{"line":35,"column":35}},"15":{"start":{"line":36,"column":4},"end":{"line":36,"column":42}},"16":{"start":{"line":37,"column":4},"end":{"line":37,"column":42}},"17":{"start":{"line":39,"column":21},"end":{"line":43,"column":6}},"18":{"start":{"line":46,"column":4},"end":{"line":46,"column":62}},"19":{"start":{"line":47,"column":4},"end":{"line":47,"column":25}},"20":{"start":{"line":49,"column":4},"end":{"line":49,"column":81}},"21":{"start":{"line":54,"column":22},"end":{"line":56,"column":1}},"22":{"start":{"line":55,"column":2},"end":{"line":55,"column":35}},"23":{"start":{"line":59,"column":31},"end":{"line":61,"column":1}},"24":{"start":{"line":60,"column":2},"end":{"line":60,"column":48}},"25":{"start":{"line":64,"column":27},"end":{"line":71,"column":1}},"26":{"start":{"line":65,"column":2},"end":{"line":70,"column":3}},"27":{"start":{"line":66,"column":21},"end":{"line":66,"column":57}},"28":{"start":{"line":67,"column":4},"end":{"line":67,"column":25}},"29":{"start":{"line":69,"column":4},"end":{"line":69,"column":90}},"30":{"start":{"line":74,"column":30},"end":{"line":81,"column":1}},"31":{"start":{"line":75,"column":2},"end":{"line":80,"column":3}},"32":{"start":{"line":76,"column":21},"end":{"line":76,"column":44}},"33":{"start":{"line":77,"column":4},"end":{"line":77,"column":25}},"34":{"start":{"line":79,"column":4},"end":{"line":79,"column":97}},"35":{"start":{"line":84,"column":30},"end":{"line":100,"column":1}},"36":{"start":{"line":85,"column":2},"end":{"line":99,"column":3}},"37":{"start":{"line":86,"column":21},"end":{"line":86,"column":35}},"38":{"start":{"line":87,"column":4},"end":{"line":87,"column":36}},"39":{"start":{"line":88,"column":4},"end":{"line":88,"column":38}},"40":{"start":{"line":89,"column":4},"end":{"line":89,"column":34}},"41":{"start":{"line":91,"column":21},"end":{"line":95,"column":6}},"42":{"start":{"line":96,"column":4},"end":{"line":96,"column":25}},"43":{"start":{"line":98,"column":4},"end":{"line":98,"column":92}},"44":{"start":{"line":103,"column":28},"end":{"line":110,"column":1}},"45":{"start":{"line":104,"column":2},"end":{"line":109,"column":3}},"46":{"start":{"line":105,"column":21},"end":{"line":105,"column":48}},"47":{"start":{"line":106,"column":4},"end":{"line":106,"column":25}},"48":{"start":{"line":108,"column":4},"end":{"line":108,"column":101}}},"fnMap":{"0":{"name":"(anonymous_0)","decl":{"start":{"line":12,"column":2},"end":{"line":12,"column":3}},"loc":{"start":{"line":12,"column":14},"end":{"line":18,"column":3}},"line":12},"1":{"name":"(anonymous_1)","decl":{"start":{"line":19,"column":2},"end":{"line":19,"column":3}},"loc":{"start":{"line":19,"column":13},"end":{"line":19,"column":34}},"line":19},"2":{"name":"(anonymous_2)","decl":{"start":{"line":23,"column":24},"end":{"line":23,"column":25}},"loc":{"start":{"line":23,"column":54},"end":{"line":30,"column":1}},"line":23},"3":{"name":"(anonymous_3)","decl":{"start":{"line":33,"column":21},"end":{"line":33,"column":22}},"loc":{"start":{"line":33,"column":51},"end":{"line":51,"column":1}},"line":33},"4":{"name":"(anonymous_4)","decl":{"start":{"line":54,"column":22},"end":{"line":54,"column":23}},"loc":{"start":{"line":54,"column":28},"end":{"line":56,"column":1}},"line":54},"5":{"name":"(anonymous_5)","decl":{"start":{"line":59,"column":31},"end":{"line":59,"column":32}},"loc":{"start":{"line":59,"column":37},"end":{"line":61,"column":1}},"line":59},"6":{"name":"(anonymous_6)","decl":{"start":{"line":64,"column":27},"end":{"line":64,"column":28}},"loc":{"start":{"line":64,"column":47},"end":{"line":71,"column":1}},"line":64},"7":{"name":"(anonymous_7)","decl":{"start":{"line":74,"column":30},"end":{"line":74,"column":31}},"loc":{"start":{"line":74,"column":42},"end":{"line":81,"column":1}},"line":74},"8":{"name":"(anonymous_8)","decl":{"start":{"line":84,"column":30},"end":{"line":84,"column":31}},"loc":{"start":{"line":84,"column":61},"end":{"line":100,"column":1}},"line":84},"9":{"name":"(anonymous_9)","decl":{"start":{"line":103,"column":28},"end":{"line":103,"column":29}},"loc":{"start":{"line":103,"column":40},"end":{"line":110,"column":1}},"line":103}},"branchMap":{"0":{"loc":{"start":{"line":4,"column":11},"end":{"line":4,"column":46}},"type":"binary-expr","locations":[{"start":{"line":4,"column":11},"end":{"line":4,"column":40}},{"start":{"line":4,"column":44},"end":{"line":4,"column":46}}],"line":4},"1":{"loc":{"start":{"line":14,"column":4},"end":{"line":16,"column":5}},"type":"if","locations":[{"start":{"line":14,"column":4},"end":{"line":16,"column":5}},{"start":{},"end":{}}],"line":14},"2":{"loc":{"start":{"line":28,"column":10},"end":{"line":28,"column":80}},"type":"cond-expr","locations":[{"start":{"line":28,"column":27},"end":{"line":28,"column":46}},{"start":{"line":28,"column":49},"end":{"line":28,"column":80}}],"line":28},"3":{"loc":{"start":{"line":49,"column":10},"end":{"line":49,"column":80}},"type":"cond-expr","locations":[{"start":{"line":49,"column":27},"end":{"line":49,"column":46}},{"start":{"line":49,"column":49},"end":{"line":49,"column":80}}],"line":49},"4":{"loc":{"start":{"line":69,"column":10},"end":{"line":69,"column":89}},"type":"cond-expr","locations":[{"start":{"line":69,"column":27},"end":{"line":69,"column":46}},{"start":{"line":69,"column":49},"end":{"line":69,"column":89}}],"line":69},"5":{"loc":{"start":{"line":79,"column":10},"end":{"line":79,"column":96}},"type":"cond-expr","locations":[{"start":{"line":79,"column":27},"end":{"line":79,"column":46}},{"start":{"line":79,"column":49},"end":{"line":79,"column":96}}],"line":79},"6":{"loc":{"start":{"line":98,"column":10},"end":{"line":98,"column":91}},"type":"cond-expr","locations":[{"start":{"line":98,"column":27},"end":{"line":98,"column":46}},{"start":{"line":98,"column":49},"end":{"line":98,"column":91}}],"line":98},"7":{"loc":{"start":{"line":108,"column":10},"end":{"line":108,"column":100}},"type":"cond-expr","locations":[{"start":{"line":108,"column":27},"end":{"line":108,"column":46}},{"start":{"line":108,"column":49},"end":{"line":108,"column":100}}],"line":108}},"s":{"0":0,"1":0,"2":0,"3":0,"4":0,"5":0,"6":0,"7":0,"8":0,"9":0,"10":0,"11":0,"12":0,"13":0,"14":0,"15":0,"16":0,"17":0,"18":0,"19":0,"20":0,"21":0,"22":0,"23":0,"24":0,"25":0,"26":0,"27":0,"28":0,"29":0,"30":0,"31":0,"32":0,"33":0,"34":0,"35":0,"36":0,"37":0,"38":0,"39":0,"40":0,"41":0,"42":0,"43":0,"44":0,"45":0,"46":0,"47":0,"48":0},"f":{"0":0,"1":0,"2":0,"3":0,"4":0,"5":0,"6":0,"7":0,"8":0,"9":0},"b":{"0":[0,0],"1":[0,0],"2":[0,0],"3":[0,0],"4":[0,0],"5":[0,0],"6":[0,0],"7":[0,0]}}
,"/Users/tochka/Documents/RAG/rag/frontend/src/tests/setupTests.js": {"path":"/Users/tochka/Documents/RAG/rag/frontend/src/tests/setupTests.js","statementMap":{"0":{"start":{"line":5,"column":25},"end":{"line":19,"column":4}},"1":{"start":{"line":6,"column":14},"end":{"line":6,"column":16}},"2":{"start":{"line":7,"column":2},"end":{"line":18,"column":4}},"3":{"start":{"line":8,"column":28},"end":{"line":8,"column":46}},"4":{"start":{"line":10,"column":6},"end":{"line":10,"column":36}},"5":{"start":{"line":13,"column":6},"end":{"line":13,"column":24}},"6":{"start":{"line":16,"column":6},"end":{"line":16,"column":17}},"7":{"start":{"line":21,"column":0},"end":{"line":23,"column":3}},"8":{"start":{"line":26,"column":0},"end":{"line":38,"column":3}},"9":{"start":{"line":28,"column":48},"end":{"line":37,"column":3}},"10":{"start":{"line":41,"column":0},"end":{"line":41,"column":45}},"11":{"start":{"line":44,"column":29},"end":{"line":44,"column":42}},"12":{"start":{"line":45,"column":0},"end":{"line":56,"column":2}},"13":{"start":{"line":46,"column":2},"end":{"line":54,"column":3}},"14":{"start":{"line":53,"column":4},"end":{"line":53,"column":11}},"15":{"start":{"line":55,"column":2},"end":{"line":55,"column":32}}},"fnMap":{"0":{"name":"(anonymous_0)","decl":{"start":{"line":5,"column":26},"end":{"line":5,"column":27}},"loc":{"start":{"line":5,"column":37},"end":{"line":19,"column":1}},"line":5},"1":{"name":"(anonymous_1)","decl":{"start":{"line":8,"column":21},"end":{"line":8,"column":22}},"loc":{"start":{"line":8,"column":28},"end":{"line":8,"column":46}},"line":8},"2":{"name":"(anonymous_2)","decl":{"start":{"line":9,"column":21},"end":{"line":9,"column":22}},"loc":{"start":{"line":9,"column":37},"end":{"line":11,"column":5}},"line":9},"3":{"name":"(anonymous_3)","decl":{"start":{"line":12,"column":24},"end":{"line":12,"column":25}},"loc":{"start":{"line":12,"column":31},"end":{"line":14,"column":5}},"line":12},"4":{"name":"(anonymous_4)","decl":{"start":{"line":15,"column":19},"end":{"line":15,"column":20}},"loc":{"start":{"line":15,"column":25},"end":{"line":17,"column":5}},"line":15},"5":{"name":"(anonymous_5)","decl":{"start":{"line":28,"column":38},"end":{"line":28,"column":39}},"loc":{"start":{"line":28,"column":48},"end":{"line":37,"column":3}},"line":28},"6":{"name":"(anonymous_6)","decl":{"start":{"line":45,"column":16},"end":{"line":45,"column":17}},"loc":{"start":{"line":45,"column":29},"end":{"line":56,"column":1}},"line":45}},"branchMap":{"0":{"loc":{"start":{"line":8,"column":28},"end":{"line":8,"column":46}},"type":"binary-expr","locations":[{"start":{"line":8,"column":28},"end":{"line":8,"column":38}},{"start":{"line":8,"column":42},"end":{"line":8,"column":46}}],"line":8},"1":{"loc":{"start":{"line":46,"column":2},"end":{"line":54,"column":3}},"type":"if","locations":[{"start":{"line":46,"column":2},"end":{"line":54,"column":3}},{"start":{},"end":{}}],"line":46},"2":{"loc":{"start":{"line":47,"column":4},"end":{"line":51,"column":66}},"type":"binary-expr","locations":[{"start":{"line":47,"column":4},"end":{"line":47,"column":80}},{"start":{"line":48,"column":4},"end":{"line":48,"column":71}},{"start":{"line":49,"column":4},"end":{"line":49,"column":36}},{"start":{"line":50,"column":4},"end":{"line":50,"column":47}},{"start":{"line":51,"column":4},"end":{"line":51,"column":66}}],"line":47}},"s":{"0":0,"1":0,"2":0,"3":0,"4":0,"5":0,"6":0,"7":0,"8":0,"9":0,"10":0,"11":0,"12":0,"13":0,"14":0,"15":0},"f":{"0":0,"1":0,"2":0,"3":0,"4":0,"5":0,"6":0},"b":{"0":[0,0],"1":[0,0],"2":[0,0,0,0,0]}}
}
