TN:
SF:src/App.js
FN:35,(anonymous_0)
FN:49,AppContent
FN:79,App
FNF:3
FNH:0
FNDA:0,(anonymous_0)
FNDA:0,AppContent
FNDA:0,App
DA:20,0
DA:35,0
DA:36,0
DA:38,0
DA:39,0
DA:42,0
DA:43,0
DA:46,0
DA:50,0
DA:80,0
LF:10
LH:0
BRDA:38,0,0,0
BRDA:38,0,1,0
BRDA:42,1,0,0
BRDA:42,1,1,0
BRF:4
BRH:0
end_of_record
TN:
SF:src/index.js
FNF:0
FNH:0
DA:6,0
DA:7,0
DA:16,0
LF:3
LH:0
BRF:0
BRH:0
end_of_record
TN:
SF:src/reportWebVitals.js
FN:1,(anonymous_0)
FN:3,(anonymous_1)
FNF:2
FNH:0
FNDA:0,(anonymous_0)
FNDA:0,(anonymous_1)
DA:1,0
DA:2,0
DA:3,0
DA:4,0
DA:5,0
DA:6,0
DA:7,0
DA:8,0
LF:8
LH:0
BRDA:2,0,0,0
BRDA:2,0,1,0
BRDA:2,1,0,0
BRDA:2,1,1,0
BRF:4
BRH:0
end_of_record
TN:
SF:src/runAllTests.js
FN:14,findTestFiles
FNF:1
FNH:0
FNDA:0,findTestFiles
DA:6,0
DA:7,0
DA:8,0
DA:11,0
DA:15,0
DA:16,0
DA:18,0
DA:19,0
DA:20,0
DA:22,0
DA:23,0
DA:24,0
DA:25,0
DA:29,0
DA:33,0
DA:34,0
DA:35,0
DA:36,0
DA:38,0
DA:41,0
DA:43,0
DA:45,0
DA:46,0
LF:23
LH:0
BRDA:22,0,0,0
BRDA:22,0,1,0
BRDA:24,1,0,0
BRDA:24,1,1,0
BRF:4
BRH:0
end_of_record
TN:
SF:src/components/ChatInput.js
FN:10,ChatInput
FN:13,(anonymous_1)
FN:43,(anonymous_2)
FNF:3
FNH:3
FNDA:28,ChatInput
FNDA:5,(anonymous_1)
FNDA:6,(anonymous_2)
DA:11,28
DA:13,28
DA:14,5
DA:15,5
DA:16,5
DA:17,5
DA:21,28
DA:43,6
LF:8
LH:8
BRDA:15,0,0,5
BRDA:15,0,1,0
BRDA:15,1,0,5
BRDA:15,1,1,5
BRDA:52,2,0,28
BRDA:52,2,1,23
BRDA:53,3,0,5
BRDA:53,3,1,23
BRDA:55,4,0,5
BRDA:55,4,1,23
BRF:10
BRH:9
end_of_record
TN:
SF:src/components/DocumentList.js
FN:21,DocumentList
FN:25,(anonymous_1)
FN:39,(anonymous_2)
FN:78,(anonymous_3)
FNF:4
FNH:4
FNDA:15,DocumentList
FNDA:17,(anonymous_1)
FNDA:17,(anonymous_2)
FNDA:17,(anonymous_3)
DA:22,15
DA:25,15
DA:26,17
DA:28,7
DA:30,3
DA:32,7
DA:34,0
DA:39,15
DA:40,17
DA:47,17
DA:50,15
DA:51,6
DA:58,9
DA:59,2
DA:71,7
DA:79,17
LF:16
LH:15
BRDA:26,0,0,7
BRDA:26,0,1,3
BRDA:26,0,2,7
BRDA:26,0,3,0
BRDA:50,1,0,6
BRDA:50,1,1,9
BRDA:58,2,0,2
BRDA:58,2,1,7
BRDA:58,3,0,9
BRDA:58,3,1,9
BRDA:80,4,0,17
BRDA:80,4,1,10
BRF:12
BRH:11
end_of_record
TN:
SF:src/components/FileUpload.js
FN:17,FileUpload
FN:31,(anonymous_1)
FN:48,(anonymous_2)
FN:91,(anonymous_3)
FN:102,(anonymous_4)
FN:105,(anonymous_5)
FNF:6
FNH:2
FNDA:16,FileUpload
FNDA:0,(anonymous_1)
FNDA:0,(anonymous_2)
FNDA:0,(anonymous_3)
FNDA:0,(anonymous_4)
FNDA:64,(anonymous_5)
DA:18,16
DA:19,16
DA:20,16
DA:21,16
DA:22,16
DA:24,16
DA:31,16
DA:32,0
DA:33,0
DA:34,0
DA:35,0
DA:36,0
DA:38,0
DA:39,0
DA:41,0
DA:42,0
DA:48,16
DA:49,0
DA:50,0
DA:51,0
DA:53,0
DA:54,0
DA:55,0
DA:58,0
DA:59,0
DA:60,0
DA:63,0
DA:64,0
DA:65,0
DA:66,0
DA:67,0
DA:68,0
DA:70,0
DA:71,0
DA:73,0
DA:77,16
DA:91,0
DA:102,0
DA:106,64
LF:39
LH:10
BRDA:33,0,0,0
BRDA:33,0,1,0
BRDA:34,1,0,0
BRDA:34,1,1,0
BRDA:41,2,0,0
BRDA:41,2,1,0
BRDA:53,3,0,0
BRDA:53,3,1,0
BRDA:58,4,0,0
BRDA:58,4,1,0
BRDA:71,5,0,0
BRDA:71,5,1,0
BRDA:73,6,0,0
BRDA:73,6,1,0
BRDA:83,7,0,16
BRDA:83,7,1,0
BRDA:84,8,0,16
BRDA:84,8,1,0
BRDA:132,9,0,16
BRDA:132,9,1,0
BRDA:143,10,0,16
BRDA:143,10,1,15
BRDA:145,11,0,16
BRDA:145,11,1,1
BRDA:147,12,0,1
BRDA:147,12,1,15
BRF:26
BRH:9
end_of_record
TN:
SF:src/components/Header.js
FN:19,Header
FN:25,(anonymous_1)
FN:29,(anonymous_2)
FN:33,(anonymous_3)
FNF:4
FNH:0
FNDA:0,Header
FNDA:0,(anonymous_1)
FNDA:0,(anonymous_2)
FNDA:0,(anonymous_3)
DA:20,0
DA:21,0
DA:22,0
DA:23,0
DA:25,0
DA:26,0
DA:29,0
DA:30,0
DA:33,0
DA:34,0
DA:35,0
DA:38,0
LF:12
LH:0
BRDA:46,0,0,0
BRDA:46,0,1,0
BRDA:72,1,0,0
BRDA:72,1,1,0
BRDA:96,2,0,0
BRDA:96,2,1,0
BRF:6
BRH:0
end_of_record
TN:
SF:src/components/MessageItem.js
FN:11,MessageItem
FNF:1
FNH:1
FNDA:11,MessageItem
DA:12,11
LF:1
LH:1
BRDA:16,0,0,7
BRDA:16,0,1,4
BRDA:24,1,0,7
BRDA:24,1,1,4
BRDA:29,2,0,7
BRDA:29,2,1,4
BRDA:36,3,0,7
BRDA:36,3,1,4
BRDA:37,4,0,7
BRDA:37,4,1,4
BRF:10
BRH:10
end_of_record
TN:
SF:src/contexts/AuthContext.js
FN:8,(anonymous_0)
FN:14,(anonymous_1)
FN:15,(anonymous_2)
FN:31,(anonymous_3)
FN:47,(anonymous_4)
FN:54,(anonymous_5)
FN:82,(anonymous_6)
FNF:7
FNH:6
FNDA:20,(anonymous_0)
FNDA:6,(anonymous_1)
FNDA:6,(anonymous_2)
FNDA:3,(anonymous_3)
FNDA:0,(anonymous_4)
FNDA:1,(anonymous_5)
FNDA:20,(anonymous_6)
DA:5,1
DA:8,1
DA:9,20
DA:10,20
DA:11,20
DA:14,20
DA:15,6
DA:16,6
DA:17,6
DA:18,1
DA:21,0
DA:23,6
DA:27,6
DA:31,20
DA:32,3
DA:33,3
DA:34,3
DA:35,3
DA:36,2
DA:37,2
DA:39,1
DA:40,1
DA:42,3
DA:47,20
DA:48,0
DA:49,0
DA:50,0
DA:54,20
DA:55,1
DA:56,1
DA:57,1
DA:58,1
DA:59,1
DA:61,0
DA:62,0
DA:64,1
DA:68,20
DA:78,20
DA:82,1
DA:83,20
DA:84,20
DA:85,0
DA:87,20
LF:43
LH:36
BRDA:17,0,0,1
BRDA:17,0,1,5
BRDA:39,1,0,1
BRDA:39,1,1,0
BRDA:61,2,0,0
BRDA:61,2,1,0
BRDA:75,3,0,20
BRDA:75,3,1,17
BRDA:84,4,0,0
BRDA:84,4,1,20
BRF:10
BRH:6
end_of_record
TN:
SF:src/pages/ChatPage.js
FN:15,ChatPage
FN:23,(anonymous_1)
FN:24,(anonymous_2)
FN:28,(anonymous_3)
FN:54,(anonymous_4)
FN:59,(anonymous_5)
FN:64,(anonymous_6)
FN:72,(anonymous_7)
FN:124,(anonymous_8)
FNF:9
FNH:8
FNDA:15,ChatPage
FNDA:6,(anonymous_1)
FNDA:6,(anonymous_2)
FNDA:2,(anonymous_3)
FNDA:14,(anonymous_4)
FNDA:3,(anonymous_5)
FNDA:3,(anonymous_6)
FNDA:0,(anonymous_7)
FNDA:7,(anonymous_8)
DA:16,15
DA:17,14
DA:18,14
DA:19,14
DA:20,14
DA:23,14
DA:24,6
DA:25,6
DA:26,6
DA:28,5
DA:41,5
DA:43,0
DA:44,0
DA:46,5
DA:50,6
DA:54,14
DA:55,14
DA:59,14
DA:60,3
DA:63,3
DA:64,3
DA:66,3
DA:67,3
DA:69,3
DA:72,1
DA:78,1
DA:79,1
DA:81,2
DA:85,14
DA:125,7
LF:30
LH:28
BRDA:111,0,0,6
BRDA:111,0,1,8
BRDA:115,1,0,4
BRDA:115,1,1,4
BRDA:133,2,0,4
BRDA:133,2,1,0
BRDA:140,3,0,4
BRDA:140,3,1,3
BRF:8
BRH:7
end_of_record
TN:
SF:src/pages/DocumentsPage.js
FN:12,DocumentsPage
FN:19,(anonymous_1)
FN:24,(anonymous_2)
FN:40,(anonymous_3)
FNF:4
FNH:3
FNDA:11,DocumentsPage
FNDA:5,(anonymous_1)
FNDA:5,(anonymous_2)
FNDA:0,(anonymous_3)
DA:13,11
DA:14,10
DA:15,10
DA:16,10
DA:19,10
DA:20,5
DA:24,10
DA:25,5
DA:26,5
DA:28,5
DA:29,5
DA:30,4
DA:32,1
DA:33,1
DA:35,5
DA:40,10
DA:41,0
DA:42,0
DA:44,0
DA:45,0
DA:47,0
DA:48,0
DA:50,0
DA:51,0
DA:52,0
DA:54,0
DA:58,10
LF:27
LH:17
BRDA:50,0,0,0
BRDA:50,0,1,0
BRDA:69,1,0,10
BRDA:69,1,1,1
BRF:4
BRH:2
end_of_record
TN:
SF:src/pages/HomePage.js
FN:18,HomePage
FNF:1
FNH:0
FNDA:0,HomePage
DA:19,0
DA:21,0
LF:2
LH:0
BRDA:41,0,0,0
BRDA:41,0,1,0
BRDA:83,1,0,0
BRDA:83,1,1,0
BRDA:107,2,0,0
BRDA:107,2,1,0
BRDA:131,3,0,0
BRDA:131,3,1,0
BRF:8
BRH:0
end_of_record
TN:
SF:src/pages/LoginPage.js
FN:16,LoginPage
FN:23,(anonymous_1)
FN:61,(anonymous_2)
FN:73,(anonymous_3)
FNF:4
FNH:0
FNDA:0,LoginPage
FNDA:0,(anonymous_1)
FNDA:0,(anonymous_2)
FNDA:0,(anonymous_3)
DA:17,0
DA:18,0
DA:19,0
DA:20,0
DA:21,0
DA:23,0
DA:24,0
DA:25,0
DA:27,0
DA:28,0
DA:29,0
DA:32,0
DA:33,0
DA:34,0
DA:37,0
DA:38,0
DA:39,0
DA:41,0
DA:45,0
DA:61,0
DA:73,0
LF:21
LH:0
BRDA:27,0,0,0
BRDA:27,0,1,0
BRDA:32,1,0,0
BRDA:32,1,1,0
BRDA:41,2,0,0
BRDA:41,2,1,0
BRDA:52,3,0,0
BRDA:52,3,1,0
BRDA:85,4,0,0
BRDA:85,4,1,0
BRDA:87,5,0,0
BRDA:87,5,1,0
BRF:12
BRH:0
end_of_record
TN:
SF:src/pages/RegisterPage.js
FN:16,RegisterPage
FN:24,(anonymous_1)
FN:76,(anonymous_2)
FN:88,(anonymous_3)
FN:99,(anonymous_4)
FNF:5
FNH:0
FNDA:0,RegisterPage
FNDA:0,(anonymous_1)
FNDA:0,(anonymous_2)
FNDA:0,(anonymous_3)
FNDA:0,(anonymous_4)
DA:17,0
DA:18,0
DA:19,0
DA:20,0
DA:21,0
DA:22,0
DA:24,0
DA:25,0
DA:26,0
DA:28,0
DA:29,0
DA:30,0
DA:33,0
DA:34,0
DA:35,0
DA:38,0
DA:39,0
DA:40,0
DA:43,0
DA:44,0
DA:45,0
DA:48,0
DA:50,0
DA:53,0
DA:54,0
DA:56,0
DA:60,0
DA:76,0
DA:88,0
DA:99,0
LF:30
LH:0
BRDA:28,0,0,0
BRDA:28,0,1,0
BRDA:33,1,0,0
BRDA:33,1,1,0
BRDA:38,2,0,0
BRDA:38,2,1,0
BRDA:43,3,0,0
BRDA:43,3,1,0
BRDA:56,4,0,0
BRDA:56,4,1,0
BRDA:67,5,0,0
BRDA:67,5,1,0
BRDA:111,6,0,0
BRDA:111,6,1,0
BRDA:113,7,0,0
BRDA:113,7,1,0
BRF:16
BRH:0
end_of_record
TN:
SF:src/services/api.js
FN:12,(anonymous_0)
FN:19,(anonymous_1)
FN:23,(anonymous_2)
FN:33,(anonymous_3)
FN:54,(anonymous_4)
FN:59,(anonymous_5)
FN:64,(anonymous_6)
FN:74,(anonymous_7)
FN:84,(anonymous_8)
FN:103,(anonymous_9)
FNF:10
FNH:0
FNDA:0,(anonymous_0)
FNDA:0,(anonymous_1)
FNDA:0,(anonymous_2)
FNDA:0,(anonymous_3)
FNDA:0,(anonymous_4)
FNDA:0,(anonymous_5)
FNDA:0,(anonymous_6)
FNDA:0,(anonymous_7)
FNDA:0,(anonymous_8)
FNDA:0,(anonymous_9)
DA:3,0
DA:11,0
DA:13,0
DA:14,0
DA:15,0
DA:17,0
DA:19,0
DA:23,0
DA:24,0
DA:25,0
DA:26,0
DA:28,0
DA:33,0
DA:34,0
DA:35,0
DA:36,0
DA:37,0
DA:39,0
DA:46,0
DA:47,0
DA:49,0
DA:54,0
DA:55,0
DA:59,0
DA:60,0
DA:64,0
DA:65,0
DA:66,0
DA:67,0
DA:69,0
DA:74,0
DA:75,0
DA:76,0
DA:77,0
DA:79,0
DA:84,0
DA:85,0
DA:86,0
DA:87,0
DA:88,0
DA:89,0
DA:91,0
DA:96,0
DA:98,0
DA:103,0
DA:104,0
DA:105,0
DA:106,0
DA:108,0
LF:49
LH:0
BRDA:4,0,0,0
BRDA:4,0,1,0
BRDA:14,1,0,0
BRDA:14,1,1,0
BRDA:28,2,0,0
BRDA:28,2,1,0
BRDA:49,3,0,0
BRDA:49,3,1,0
BRDA:69,4,0,0
BRDA:69,4,1,0
BRDA:79,5,0,0
BRDA:79,5,1,0
BRDA:98,6,0,0
BRDA:98,6,1,0
BRDA:108,7,0,0
BRDA:108,7,1,0
BRF:16
BRH:0
end_of_record
TN:
SF:src/tests/setupTests.js
FN:5,(anonymous_0)
FN:8,(anonymous_1)
FN:9,(anonymous_2)
FN:12,(anonymous_3)
FN:15,(anonymous_4)
FN:28,(anonymous_5)
FN:45,(anonymous_6)
FNF:7
FNH:0
FNDA:0,(anonymous_0)
FNDA:0,(anonymous_1)
FNDA:0,(anonymous_2)
FNDA:0,(anonymous_3)
FNDA:0,(anonymous_4)
FNDA:0,(anonymous_5)
FNDA:0,(anonymous_6)
DA:5,0
DA:6,0
DA:7,0
DA:8,0
DA:10,0
DA:13,0
DA:16,0
DA:21,0
DA:26,0
DA:28,0
DA:41,0
DA:44,0
DA:45,0
DA:46,0
DA:53,0
DA:55,0
LF:16
LH:0
BRDA:8,0,0,0
BRDA:8,0,1,0
BRDA:46,1,0,0
BRDA:46,1,1,0
BRDA:47,2,0,0
BRDA:47,2,1,0
BRDA:47,2,2,0
BRDA:47,2,3,0
BRDA:47,2,4,0
BRF:9
BRH:0
end_of_record
